Tue Sep 04 2018 17:10:40 GMT+0530 (India Standard Time):GET /home
Tue Sep 04 2018 17:10:56 GMT+0530 (India Standard Time):GET /
Tue Sep 04 2018 17:11:05 GMT+0530 (India Standard Time):GET /about
Tue Sep 04 2018 17:11:28 GMT+0530 (India Standard Time):GET /help
Tue Sep 04 2018 17:11:50 GMT+0530 (India Standard Time):GET /help.hbs
Tue Sep 04 2018 17:11:59 GMT+0530 (India Standard Time):GET /help
Tue Sep 04 2018 17:12:18 GMT+0530 (India Standard Time):GET /help.hbs
Tue Sep 04 2018 17:12:28 GMT+0530 (India Standard Time):GET /help
Tue Sep 04 2018 17:12:37 GMT+0530 (India Standard Time):GET /help
Tue Sep 04 2018 17:12:47 GMT+0530 (India Standard Time):GET /help
Tue Sep 04 2018 18:17:04 GMT+0530 (India Standard Time):GET /help
Tue Sep 04 2018 18:17:05 GMT+0530 (India Standard Time):GET /
Tue Sep 04 2018 18:17:14 GMT+0530 (India Standard Time):GET /about
Wed Sep 05 2018 13:49:11 GMT+0530 (India Standard Time):GET /
Wed Sep 05 2018 13:49:13 GMT+0530 (India Standard Time):GET /favicon.ico
Wed Sep 05 2018 15:21:37 GMT+0530 (India Standard Time):GET /
Wed Sep 05 2018 15:21:38 GMT+0530 (India Standard Time):GET /favicon.ico
Wed Sep 05 2018 15:21:56 GMT+0530 (India Standard Time):GET /favicon.ico
Wed Sep 05 2018 15:21:58 GMT+0530 (India Standard Time):GET /
Wed Sep 05 2018 15:21:58 GMT+0530 (India Standard Time):GET /favicon.ico
Wed Sep 05 2018 15:22:18 GMT+0530 (India Standard Time):GET /
Wed Sep 05 2018 15:22:18 GMT+0530 (India Standard Time):GET /favicon.ico
Wed Sep 05 2018 15:22:35 GMT+0530 (India Standard Time):GET /
Wed Sep 05 2018 15:22:35 GMT+0530 (India Standard Time):GET /favicon.ico
Wed Sep 05 2018 15:22:44 GMT+0530 (India Standard Time):GET /
Wed Sep 05 2018 15:22:44 GMT+0530 (India Standard Time):GET /favicon.ico
Wed Sep 05 2018 15:22:56 GMT+0530 (India Standard Time):GET /favicon.ico
Wed Sep 05 2018 15:23:02 GMT+0530 (India Standard Time):GET /
Wed Sep 05 2018 15:23:02 GMT+0530 (India Standard Time):GET /favicon.ico
Wed Sep 05 2018 15:23:22 GMT+0530 (India Standard Time):GET /
Wed Sep 05 2018 15:23:23 GMT+0530 (India Standard Time):GET /favicon.ico
Wed Sep 05 2018 15:24:09 GMT+0530 (India Standard Time):GET /
Wed Sep 05 2018 15:24:25 GMT+0530 (India Standard Time):GET /
Wed Sep 05 2018 15:25:00 GMT+0530 (India Standard Time):GET /
Wed Sep 05 2018 15:25:07 GMT+0530 (India Standard Time):GET /
Wed Sep 05 2018 15:25:08 GMT+0530 (India Standard Time):GET /favicon.ico
Wed Sep 05 2018 15:25:36 GMT+0530 (India Standard Time):GET /
Wed Sep 05 2018 15:25:40 GMT+0530 (India Standard Time):GET /
Wed Sep 05 2018 15:25:43 GMT+0530 (India Standard Time):GET /
Wed Sep 05 2018 15:25:50 GMT+0530 (India Standard Time):GET /home
Wed Sep 05 2018 15:29:03 GMT+0530 (India Standard Time):GET /home
Wed Sep 05 2018 15:29:06 GMT+0530 (India Standard Time):GET /home
Wed Sep 05 2018 15:29:08 GMT+0530 (India Standard Time):GET /home
Wed Sep 05 2018 15:33:35 GMT+0530 (India Standard Time):GET /home
Wed Sep 05 2018 15:33:42 GMT+0530 (India Standard Time):GET /
Wed Sep 05 2018 15:33:46 GMT+0530 (India Standard Time):GET /
Wed Sep 05 2018 15:35:08 GMT+0530 (India Standard Time):GET /
Wed Sep 05 2018 15:43:00 GMT+0530 (India Standard Time):GET /
Wed Sep 05 2018 15:43:47 GMT+0530 (India Standard Time):GET /home
Wed Sep 05 2018 15:46:02 GMT+0530 (India Standard Time):GET /
Wed Sep 05 2018 15:49:28 GMT+0530 (India Standard Time):GET /
Wed Sep 05 2018 15:50:14 GMT+0530 (India Standard Time):GET /
Wed Sep 05 2018 15:51:08 GMT+0530 (India Standard Time):GET /
Wed Sep 05 2018 15:52:23 GMT+0530 (India Standard Time):GET /
Wed Sep 05 2018 15:54:35 GMT+0530 (India Standard Time):GET /
Wed Sep 05 2018 15:56:01 GMT+0530 (India Standard Time):GET /
Wed Sep 05 2018 15:58:09 GMT+0530 (India Standard Time):GET /
Wed Sep 05 2018 15:59:07 GMT+0530 (India Standard Time):GET /
Wed Sep 05 2018 15:59:19 GMT+0530 (India Standard Time):GET /
Wed Sep 05 2018 15:59:24 GMT+0530 (India Standard Time):GET /home
Wed Sep 05 2018 16:00:46 GMT+0530 (India Standard Time):GET /about
Wed Sep 05 2018 16:01:28 GMT+0530 (India Standard Time):GET /about
Wed Sep 05 2018 16:01:33 GMT+0530 (India Standard Time):GET /
Wed Sep 05 2018 16:01:39 GMT+0530 (India Standard Time):GET /home
Wed Sep 05 2018 16:04:06 GMT+0530 (India Standard Time):GET /about
Wed Sep 05 2018 16:04:17 GMT+0530 (India Standard Time):GET /help
Wed Sep 05 2018 16:05:02 GMT+0530 (India Standard Time):GET /
Wed Sep 05 2018 16:05:14 GMT+0530 (India Standard Time):GET /about
Wed Sep 05 2018 16:05:20 GMT+0530 (India Standard Time):GET /home
Wed Sep 05 2018 16:06:49 GMT+0530 (India Standard Time):GET /
Wed Sep 05 2018 16:06:54 GMT+0530 (India Standard Time):GET /home
Wed Sep 05 2018 16:14:02 GMT+0530 (India Standard Time):GET /home
Wed Sep 05 2018 16:15:03 GMT+0530 (India Standard Time):GET /home
Wed Sep 05 2018 16:15:09 GMT+0530 (India Standard Time):GET /
Wed Sep 05 2018 16:15:14 GMT+0530 (India Standard Time):GET /about
Wed Sep 05 2018 16:17:54 GMT+0530 (India Standard Time):GET /about
Wed Sep 05 2018 16:17:57 GMT+0530 (India Standard Time):GET /about
Wed Sep 05 2018 16:18:33 GMT+0530 (India Standard Time):GET /about
Wed Sep 05 2018 16:18:37 GMT+0530 (India Standard Time):GET /home
Wed Sep 05 2018 16:18:39 GMT+0530 (India Standard Time):GET /about
Wed Sep 05 2018 16:18:42 GMT+0530 (India Standard Time):GET /portfolio
Wed Sep 05 2018 16:18:45 GMT+0530 (India Standard Time):GET /home
Wed Sep 05 2018 16:18:47 GMT+0530 (India Standard Time):GET /about
Wed Sep 05 2018 16:25:37 GMT+0530 (India Standard Time):GET /about
Wed Sep 05 2018 16:25:45 GMT+0530 (India Standard Time):GET /
Wed Sep 05 2018 16:25:51 GMT+0530 (India Standard Time):GET /home
Wed Sep 05 2018 16:26:11 GMT+0530 (India Standard Time):GET /portfolio
Wed Sep 05 2018 16:26:23 GMT+0530 (India Standard Time):GET /home
Wed Sep 05 2018 16:26:24 GMT+0530 (India Standard Time):GET /about
Wed Sep 05 2018 16:26:26 GMT+0530 (India Standard Time):GET /home
Wed Sep 05 2018 16:26:28 GMT+0530 (India Standard Time):GET /about
Wed Sep 05 2018 16:26:31 GMT+0530 (India Standard Time):GET /home
Wed Sep 05 2018 16:26:32 GMT+0530 (India Standard Time):GET /about
Wed Sep 05 2018 16:26:33 GMT+0530 (India Standard Time):GET /portfolio
